<?xml version="1.0" encoding="UTF-8"?>
<testsuite xmlns:xsi="http://www.w3.org/2001/XMLSchema-instance" xsi:noNamespaceSchemaLocation="https://maven.apache.org/surefire/maven-surefire-plugin/xsd/surefire-test-report.xsd" name="ch.heigvd.gen.monopoly.DieTest" time="0.148" tests="51" errors="0" skipped="0" failures="0">
  <properties>
    <property name="java.specification.version" value="13"/>
    <property name="sun.cpu.isalist" value="amd64"/>
    <property name="sun.jnu.encoding" value="Cp1252"/>
    <property name="java.class.path" value="C:\Users\clari\Documents\HEIG\BA4\GEN\Labos\GEN_Labo3\target\test-classes;C:\Users\clari\Documents\HEIG\BA4\GEN\Labos\GEN_Labo3\target\classes;C:\Users\clari\.m2\repository\org\junit\jupiter\junit-jupiter\5.4.1\junit-jupiter-5.4.1.jar;C:\Users\clari\.m2\repository\org\junit\jupiter\junit-jupiter-api\5.4.1\junit-jupiter-api-5.4.1.jar;C:\Users\clari\.m2\repository\org\apiguardian\apiguardian-api\1.0.0\apiguardian-api-1.0.0.jar;C:\Users\clari\.m2\repository\org\opentest4j\opentest4j\1.1.1\opentest4j-1.1.1.jar;C:\Users\clari\.m2\repository\org\junit\platform\junit-platform-commons\1.4.1\junit-platform-commons-1.4.1.jar;C:\Users\clari\.m2\repository\org\junit\jupiter\junit-jupiter-params\5.4.1\junit-jupiter-params-5.4.1.jar;C:\Users\clari\.m2\repository\org\junit\jupiter\junit-jupiter-engine\5.4.1\junit-jupiter-engine-5.4.1.jar;C:\Users\clari\.m2\repository\org\junit\platform\junit-platform-engine\1.4.1\junit-platform-engine-1.4.1.jar;"/>
    <property name="java.vm.vendor" value="Oracle Corporation"/>
    <property name="sun.arch.data.model" value="64"/>
    <property name="user.variant" value=""/>
    <property name="java.vendor.url" value="https://java.oracle.com/"/>
    <property name="user.timezone" value="Europe/Zurich"/>
    <property name="os.name" value="Windows 10"/>
    <property name="java.vm.specification.version" value="13"/>
    <property name="sun.java.launcher" value="SUN_STANDARD"/>
    <property name="user.country" value="CH"/>
    <property name="sun.boot.library.path" value="C:\Program Files\Java\jdk-13.0.1\bin"/>
    <property name="sun.java.command" value="C:\Users\clari\AppData\Local\Temp\surefire4748892040379422092\surefirebooter1035417933172645995.jar C:\Users\clari\AppData\Local\Temp\surefire4748892040379422092 2020-04-18T18-05-12_740-jvmRun1 surefire1537145815494701493tmp surefire_02349683814170362575tmp"/>
    <property name="jdk.debug" value="release"/>
    <property name="surefire.test.class.path" value="C:\Users\clari\Documents\HEIG\BA4\GEN\Labos\GEN_Labo3\target\test-classes;C:\Users\clari\Documents\HEIG\BA4\GEN\Labos\GEN_Labo3\target\classes;C:\Users\clari\.m2\repository\org\junit\jupiter\junit-jupiter\5.4.1\junit-jupiter-5.4.1.jar;C:\Users\clari\.m2\repository\org\junit\jupiter\junit-jupiter-api\5.4.1\junit-jupiter-api-5.4.1.jar;C:\Users\clari\.m2\repository\org\apiguardian\apiguardian-api\1.0.0\apiguardian-api-1.0.0.jar;C:\Users\clari\.m2\repository\org\opentest4j\opentest4j\1.1.1\opentest4j-1.1.1.jar;C:\Users\clari\.m2\repository\org\junit\platform\junit-platform-commons\1.4.1\junit-platform-commons-1.4.1.jar;C:\Users\clari\.m2\repository\org\junit\jupiter\junit-jupiter-params\5.4.1\junit-jupiter-params-5.4.1.jar;C:\Users\clari\.m2\repository\org\junit\jupiter\junit-jupiter-engine\5.4.1\junit-jupiter-engine-5.4.1.jar;C:\Users\clari\.m2\repository\org\junit\platform\junit-platform-engine\1.4.1\junit-platform-engine-1.4.1.jar;"/>
    <property name="sun.cpu.endian" value="little"/>
    <property name="user.home" value="C:\Users\clari"/>
    <property name="user.language" value="fr"/>
    <property name="java.specification.vendor" value="Oracle Corporation"/>
    <property name="java.version.date" value="2019-10-15"/>
    <property name="java.home" value="C:\Program Files\Java\jdk-13.0.1"/>
    <property name="file.separator" value="\"/>
    <property name="basedir" value="C:\Users\clari\Documents\HEIG\BA4\GEN\Labos\GEN_Labo3"/>
    <property name="java.vm.compressedOopsMode" value="Zero based"/>
    <property name="line.separator" value="&#10;"/>
    <property name="java.vm.specification.vendor" value="Oracle Corporation"/>
    <property name="java.specification.name" value="Java Platform API Specification"/>
    <property name="surefire.real.class.path" value="C:\Users\clari\AppData\Local\Temp\surefire4748892040379422092\surefirebooter1035417933172645995.jar"/>
    <property name="user.script" value=""/>
    <property name="sun.management.compiler" value="HotSpot 64-Bit Tiered Compilers"/>
    <property name="java.runtime.version" value="13.0.1+9"/>
    <property name="user.name" value="clari"/>
    <property name="path.separator" value=";"/>
    <property name="os.version" value="10.0"/>
    <property name="java.runtime.name" value="Java(TM) SE Runtime Environment"/>
    <property name="file.encoding" value="Cp1252"/>
    <property name="java.vm.name" value="Java HotSpot(TM) 64-Bit Server VM"/>
    <property name="idea.version2020.1" value="true"/>
    <property name="localRepository" value="C:\Users\clari\.m2\repository"/>
    <property name="java.vendor.url.bug" value="https://bugreport.java.com/bugreport/"/>
    <property name="java.io.tmpdir" value="C:\Users\clari\AppData\Local\Temp\"/>
    <property name="java.version" value="13.0.1"/>
    <property name="user.dir" value="C:\Users\clari\Documents\HEIG\BA4\GEN\Labos\GEN_Labo3"/>
    <property name="os.arch" value="amd64"/>
    <property name="java.vm.specification.name" value="Java Virtual Machine Specification"/>
    <property name="sun.os.patch.level" value=""/>
    <property name="java.library.path" value="C:\Program Files\Java\jdk-13.0.1\bin;C:\Windows\Sun\Java\bin;C:\Windows\system32;C:\Windows;C:\Program Files (x86)\Common Files\Oracle\Java\javapath;C:\ProgramData\Oracle\Java\javapath;C:\Python27\;C:\Python27\Scripts;C:\MinGW\bin;C:\php;C:\Program Files\Haskell\bin;C:\Program Files\Haskell Platform\8.6.5\lib\extralibs\bin;C:\Program Files\Haskell Platform\8.6.5\bin;C:\Windows\system32;C:\Windows;C:\Windows\System32\Wbem;C:\Windows\System32\WindowsPowerShell\v1.0\;C:\Windows\System32\OpenSSH\;C:\Program Files\Intel\WiFi\bin\;C:\Program Files\Common Files\Intel\WirelessCommon\;C:\Program Files\Haskell Platform\8.6.5\mingw\bin;C:\Program Files\Git\cmd;C:\Program Files\JetBrains\PhpStorm 2019.3.1\plugins\php;C:\apache-maven-3.6.3\bin;C:\junit5-r5.6.0;C:\jdk-11.0.6+10-jre\bin;C:\Program Files\nodejs\;C:\ProgramData\chocolatey\bin;C:\Users\clari\AppData\Roaming\TinyTeX\bin\win32;C:\Program Files (x86)\Elm\0.19.1\bin;C:\Program Files\Java\jdk-13.0.1\bin;C:\Users\clari\AppData\Local\atom\bin;C:\Program Files\JetBrains\PhpStorm 2019.3.1\bin;;C:\Users\clari\AppData\Local\Programs\Microsoft VS Code\bin;C:\apache-maven-3.6.3\bin;C:\Program Files (x86)\Nmap;C:\Users\clari\AppData\Roaming\npm;C:\Program Files\Docker Toolbox;C:\Users\clari\AppData\Local\Programs\MiKTeX 2.9\miktex\bin\x64\;C:\Gradle\gradle-6.3\bin;C:\Program Files\Java\jre1.8.0_241\bin;;."/>
    <property name="java.vm.info" value="mixed mode, sharing"/>
    <property name="java.vendor" value="Oracle Corporation"/>
    <property name="java.vm.version" value="13.0.1+9"/>
    <property name="sun.io.unicode.encoding" value="UnicodeLittle"/>
    <property name="java.class.version" value="57.0"/>
  </properties>
  <testcase name="faceValueShouldBeZeroWithoutRoll" classname="ch.heigvd.gen.monopoly.DieTest" time="0.011"/>
  <testcase name="faceValueShouldBeBetween1andUpperBound[1]" classname="ch.heigvd.gen.monopoly.DieTest" time="0.002"/>
  <testcase name="faceValueShouldBeBetween1andUpperBound[2]" classname="ch.heigvd.gen.monopoly.DieTest" time="0.001"/>
  <testcase name="faceValueShouldBeBetween1andUpperBound[3]" classname="ch.heigvd.gen.monopoly.DieTest" time="0.002"/>
  <testcase name="faceValueShouldBeBetween1andUpperBound[4]" classname="ch.heigvd.gen.monopoly.DieTest" time="0"/>
  <testcase name="faceValueShouldBeBetween1andUpperBound[5]" classname="ch.heigvd.gen.monopoly.DieTest" time="0"/>
  <testcase name="faceValueShouldBeBetween1andUpperBound[6]" classname="ch.heigvd.gen.monopoly.DieTest" time="0.001"/>
  <testcase name="faceValueShouldBeBetween1andUpperBound[7]" classname="ch.heigvd.gen.monopoly.DieTest" time="0.001"/>
  <testcase name="faceValueShouldBeBetween1andUpperBound[8]" classname="ch.heigvd.gen.monopoly.DieTest" time="0"/>
  <testcase name="faceValueShouldBeBetween1andUpperBound[9]" classname="ch.heigvd.gen.monopoly.DieTest" time="0"/>
  <testcase name="faceValueShouldBeBetween1andUpperBound[10]" classname="ch.heigvd.gen.monopoly.DieTest" time="0.001"/>
  <testcase name="faceValueShouldBeBetween1andUpperBound[11]" classname="ch.heigvd.gen.monopoly.DieTest" time="0"/>
  <testcase name="faceValueShouldBeBetween1andUpperBound[12]" classname="ch.heigvd.gen.monopoly.DieTest" time="0.001"/>
  <testcase name="faceValueShouldBeBetween1andUpperBound[13]" classname="ch.heigvd.gen.monopoly.DieTest" time="0"/>
  <testcase name="faceValueShouldBeBetween1andUpperBound[14]" classname="ch.heigvd.gen.monopoly.DieTest" time="0.001"/>
  <testcase name="faceValueShouldBeBetween1andUpperBound[15]" classname="ch.heigvd.gen.monopoly.DieTest" time="0.001"/>
  <testcase name="faceValueShouldBeBetween1andUpperBound[16]" classname="ch.heigvd.gen.monopoly.DieTest" time="0.001"/>
  <testcase name="faceValueShouldBeBetween1andUpperBound[17]" classname="ch.heigvd.gen.monopoly.DieTest" time="0"/>
  <testcase name="faceValueShouldBeBetween1andUpperBound[18]" classname="ch.heigvd.gen.monopoly.DieTest" time="0.001"/>
  <testcase name="faceValueShouldBeBetween1andUpperBound[19]" classname="ch.heigvd.gen.monopoly.DieTest" time="0"/>
  <testcase name="faceValueShouldBeBetween1andUpperBound[20]" classname="ch.heigvd.gen.monopoly.DieTest" time="0.001"/>
  <testcase name="faceValueShouldBeBetween1andUpperBound[21]" classname="ch.heigvd.gen.monopoly.DieTest" time="0.001"/>
  <testcase name="faceValueShouldBeBetween1andUpperBound[22]" classname="ch.heigvd.gen.monopoly.DieTest" time="0.001"/>
  <testcase name="faceValueShouldBeBetween1andUpperBound[23]" classname="ch.heigvd.gen.monopoly.DieTest" time="0"/>
  <testcase name="faceValueShouldBeBetween1andUpperBound[24]" classname="ch.heigvd.gen.monopoly.DieTest" time="0"/>
  <testcase name="faceValueShouldBeBetween1andUpperBound[25]" classname="ch.heigvd.gen.monopoly.DieTest" time="0.001"/>
  <testcase name="faceValueShouldBeBetween1andUpperBound[26]" classname="ch.heigvd.gen.monopoly.DieTest" time="0.001"/>
  <testcase name="faceValueShouldBeBetween1andUpperBound[27]" classname="ch.heigvd.gen.monopoly.DieTest" time="0.001"/>
  <testcase name="faceValueShouldBeBetween1andUpperBound[28]" classname="ch.heigvd.gen.monopoly.DieTest" time="0"/>
  <testcase name="faceValueShouldBeBetween1andUpperBound[29]" classname="ch.heigvd.gen.monopoly.DieTest" time="0.003"/>
  <testcase name="faceValueShouldBeBetween1andUpperBound[30]" classname="ch.heigvd.gen.monopoly.DieTest" time="0"/>
  <testcase name="faceValueShouldBeBetween1andUpperBound[31]" classname="ch.heigvd.gen.monopoly.DieTest" time="0.001"/>
  <testcase name="faceValueShouldBeBetween1andUpperBound[32]" classname="ch.heigvd.gen.monopoly.DieTest" time="0.001"/>
  <testcase name="faceValueShouldBeBetween1andUpperBound[33]" classname="ch.heigvd.gen.monopoly.DieTest" time="0.001"/>
  <testcase name="faceValueShouldBeBetween1andUpperBound[34]" classname="ch.heigvd.gen.monopoly.DieTest" time="0.001"/>
  <testcase name="faceValueShouldBeBetween1andUpperBound[35]" classname="ch.heigvd.gen.monopoly.DieTest" time="0.001"/>
  <testcase name="faceValueShouldBeBetween1andUpperBound[36]" classname="ch.heigvd.gen.monopoly.DieTest" time="0"/>
  <testcase name="faceValueShouldBeBetween1andUpperBound[37]" classname="ch.heigvd.gen.monopoly.DieTest" time="0.001"/>
  <testcase name="faceValueShouldBeBetween1andUpperBound[38]" classname="ch.heigvd.gen.monopoly.DieTest" time="0"/>
  <testcase name="faceValueShouldBeBetween1andUpperBound[39]" classname="ch.heigvd.gen.monopoly.DieTest" time="0"/>
  <testcase name="faceValueShouldBeBetween1andUpperBound[40]" classname="ch.heigvd.gen.monopoly.DieTest" time="0.001"/>
  <testcase name="faceValueShouldBeBetween1andUpperBound[41]" classname="ch.heigvd.gen.monopoly.DieTest" time="0.001"/>
  <testcase name="faceValueShouldBeBetween1andUpperBound[42]" classname="ch.heigvd.gen.monopoly.DieTest" time="0"/>
  <testcase name="faceValueShouldBeBetween1andUpperBound[43]" classname="ch.heigvd.gen.monopoly.DieTest" time="0"/>
  <testcase name="faceValueShouldBeBetween1andUpperBound[44]" classname="ch.heigvd.gen.monopoly.DieTest" time="0"/>
  <testcase name="faceValueShouldBeBetween1andUpperBound[45]" classname="ch.heigvd.gen.monopoly.DieTest" time="0"/>
  <testcase name="faceValueShouldBeBetween1andUpperBound[46]" classname="ch.heigvd.gen.monopoly.DieTest" time="0.001"/>
  <testcase name="faceValueShouldBeBetween1andUpperBound[47]" classname="ch.heigvd.gen.monopoly.DieTest" time="0"/>
  <testcase name="faceValueShouldBeBetween1andUpperBound[48]" classname="ch.heigvd.gen.monopoly.DieTest" time="0.001"/>
  <testcase name="faceValueShouldBeBetween1andUpperBound[49]" classname="ch.heigvd.gen.monopoly.DieTest" time="0"/>
  <testcase name="faceValueShouldBeBetween1andUpperBound[50]" classname="ch.heigvd.gen.monopoly.DieTest" time="0.001"/>
</testsuite>